<?xml version="1.0" encoding="UTF-8"?>
<!-- Generated by org.testng.reporters.JUnitXMLReporter -->
<testsuite ignored="0" hostname="LAPTOP-LULDE715" failures="0" tests="13" name="Test" time="9.303" errors="0" timestamp="2023-04-07T11:00:54 IDT">
  <testcase classname="tests.BaseTest" name="@BeforeClass setup" time="3.813">
    <failure type="org.openqa.selenium.remote.http.ConnectionFailedException" message="Unable to establish websocket connection to http://localhost:63738/devtools/browser/1bbb8c62-3a7e-4e46-9d43-b90188896a43
Build info: version: &amp;apos;4.5.3&amp;apos;, revision: &amp;apos;4b786a1e430&amp;apos;
System info: os.name: &amp;apos;Windows 11&amp;apos;, os.arch: &amp;apos;amd64&amp;apos;, os.version: &amp;apos;10.0&amp;apos;, java.version: &amp;apos;17.0.3&amp;apos;
Driver info: driver.version: ChromeDriver">
      <![CDATA[org.openqa.selenium.remote.http.ConnectionFailedException: Unable to establish websocket connection to http://localhost:63738/devtools/browser/1bbb8c62-3a7e-4e46-9d43-b90188896a43
Build info: version: '4.5.3', revision: '4b786a1e430'
System info: os.name: 'Windows 11', os.arch: 'amd64', os.version: '10.0', java.version: '17.0.3'
Driver info: driver.version: ChromeDriver
at org.openqa.selenium.remote.http.netty.NettyWebSocket.<init>(NettyWebSocket.java:102)
at org.openqa.selenium.remote.http.netty.NettyWebSocket.lambda$create$3(NettyWebSocket.java:128)
at org.openqa.selenium.remote.http.netty.NettyClient.openSocket(NettyClient.java:107)
at org.openqa.selenium.devtools.Connection.<init>(Connection.java:77)
at org.openqa.selenium.chromium.ChromiumDriver.lambda$new$2(ChromiumDriver.java:116)
at java.base/java.util.Optional.map(Optional.java:260)
at org.openqa.selenium.chromium.ChromiumDriver.<init>(ChromiumDriver.java:114)
at org.openqa.selenium.chrome.ChromeDriver.<init>(ChromeDriver.java:81)
at org.openqa.selenium.chrome.ChromeDriver.<init>(ChromeDriver.java:49)
at tests.BaseTest.setup(BaseTest.java:27)
at java.base/java.util.ArrayList.forEach(ArrayList.java:1511)
... Removed 25 stack frames]]>
    </failure>
  </testcase> <!-- @BeforeClass setup -->
  <testcase classname="tests.BaseTest" name="@BeforeClass setupLogin" time="-1.680854448704E9">
    <skipped/>
  </testcase> <!-- @BeforeClass setupLogin -->
  <testcase classname="tests.BaseTest" name="@BeforeClass setupRatingPopUp" time="-1.680854448706E9">
    <skipped/>
  </testcase> <!-- @BeforeClass setupRatingPopUp -->
  <testcase classname="tests.BaseTest" name="@AfterClass tearDown" time="-1.680854448756E9">
    <skipped/>
  </testcase> <!-- @AfterClass tearDown -->
  <testcase classname="tests.BaseTest" name="@BeforeClass setup" time="0.809">
    <failure type="org.openqa.selenium.remote.http.ConnectionFailedException" message="Unable to establish websocket connection to http://localhost:63754/devtools/browser/70e71cc6-5902-4aaa-8db4-77133864b279
Build info: version: &amp;apos;4.5.3&amp;apos;, revision: &amp;apos;4b786a1e430&amp;apos;
System info: os.name: &amp;apos;Windows 11&amp;apos;, os.arch: &amp;apos;amd64&amp;apos;, os.version: &amp;apos;10.0&amp;apos;, java.version: &amp;apos;17.0.3&amp;apos;
Driver info: driver.version: ChromeDriver">
      <![CDATA[org.openqa.selenium.remote.http.ConnectionFailedException: Unable to establish websocket connection to http://localhost:63754/devtools/browser/70e71cc6-5902-4aaa-8db4-77133864b279
Build info: version: '4.5.3', revision: '4b786a1e430'
System info: os.name: 'Windows 11', os.arch: 'amd64', os.version: '10.0', java.version: '17.0.3'
Driver info: driver.version: ChromeDriver
at org.openqa.selenium.remote.http.netty.NettyWebSocket.<init>(NettyWebSocket.java:102)
at org.openqa.selenium.remote.http.netty.NettyWebSocket.lambda$create$3(NettyWebSocket.java:128)
at org.openqa.selenium.remote.http.netty.NettyClient.openSocket(NettyClient.java:107)
at org.openqa.selenium.devtools.Connection.<init>(Connection.java:77)
at org.openqa.selenium.chromium.ChromiumDriver.lambda$new$2(ChromiumDriver.java:116)
at java.base/java.util.Optional.map(Optional.java:260)
at org.openqa.selenium.chromium.ChromiumDriver.<init>(ChromiumDriver.java:114)
at org.openqa.selenium.chrome.ChromeDriver.<init>(ChromeDriver.java:81)
at org.openqa.selenium.chrome.ChromeDriver.<init>(ChromeDriver.java:49)
at tests.BaseTest.setup(BaseTest.java:27)
at java.base/java.util.ArrayList.forEach(ArrayList.java:1511)
... Removed 25 stack frames]]>
    </failure>
  </testcase> <!-- @BeforeClass setup -->
  <testcase classname="tests.BaseTest" name="@BeforeClass setupLogin" time="-1.680854449578E9">
    <skipped/>
  </testcase> <!-- @BeforeClass setupLogin -->
  <testcase classname="tests.BaseTest" name="@BeforeClass setupRatingPopUp" time="-1.68085444958E9">
    <skipped/>
  </testcase> <!-- @BeforeClass setupRatingPopUp -->
  <testcase classname="tests.BaseTest" name="@AfterClass tearDown" time="-1.680854449617E9">
    <skipped/>
  </testcase> <!-- @AfterClass tearDown -->
  <testcase classname="tests.BaseTest" name="@BeforeClass setup" time="0.875">
    <failure type="org.openqa.selenium.remote.http.ConnectionFailedException" message="Unable to establish websocket connection to http://localhost:63768/devtools/browser/34f3085b-6ffd-4bba-ae4a-f326c6307d95
Build info: version: &amp;apos;4.5.3&amp;apos;, revision: &amp;apos;4b786a1e430&amp;apos;
System info: os.name: &amp;apos;Windows 11&amp;apos;, os.arch: &amp;apos;amd64&amp;apos;, os.version: &amp;apos;10.0&amp;apos;, java.version: &amp;apos;17.0.3&amp;apos;
Driver info: driver.version: ChromeDriver">
      <![CDATA[org.openqa.selenium.remote.http.ConnectionFailedException: Unable to establish websocket connection to http://localhost:63768/devtools/browser/34f3085b-6ffd-4bba-ae4a-f326c6307d95
Build info: version: '4.5.3', revision: '4b786a1e430'
System info: os.name: 'Windows 11', os.arch: 'amd64', os.version: '10.0', java.version: '17.0.3'
Driver info: driver.version: ChromeDriver
at org.openqa.selenium.remote.http.netty.NettyWebSocket.<init>(NettyWebSocket.java:102)
at org.openqa.selenium.remote.http.netty.NettyWebSocket.lambda$create$3(NettyWebSocket.java:128)
at org.openqa.selenium.remote.http.netty.NettyClient.openSocket(NettyClient.java:107)
at org.openqa.selenium.devtools.Connection.<init>(Connection.java:77)
at org.openqa.selenium.chromium.ChromiumDriver.lambda$new$2(ChromiumDriver.java:116)
at java.base/java.util.Optional.map(Optional.java:260)
at org.openqa.selenium.chromium.ChromiumDriver.<init>(ChromiumDriver.java:114)
at org.openqa.selenium.chrome.ChromeDriver.<init>(ChromeDriver.java:81)
at org.openqa.selenium.chrome.ChromeDriver.<init>(ChromeDriver.java:49)
at tests.BaseTest.setup(BaseTest.java:27)
at java.base/java.util.ArrayList.forEach(ArrayList.java:1511)
... Removed 25 stack frames]]>
    </failure>
  </testcase> <!-- @BeforeClass setup -->
  <testcase classname="tests.BaseTest" name="@AfterClass tearDown" time="-1.680854450588E9">
    <skipped/>
  </testcase> <!-- @AfterClass tearDown -->
  <testcase classname="tests.BaseTest" name="@BeforeClass setup" time="1.355">
    <failure type="org.openqa.selenium.remote.http.ConnectionFailedException" message="Unable to establish websocket connection to http://localhost:63786/devtools/browser/c90cfef8-393b-43fb-be83-b5f79ab0ceda
Build info: version: &amp;apos;4.5.3&amp;apos;, revision: &amp;apos;4b786a1e430&amp;apos;
System info: os.name: &amp;apos;Windows 11&amp;apos;, os.arch: &amp;apos;amd64&amp;apos;, os.version: &amp;apos;10.0&amp;apos;, java.version: &amp;apos;17.0.3&amp;apos;
Driver info: driver.version: ChromeDriver">
      <![CDATA[org.openqa.selenium.remote.http.ConnectionFailedException: Unable to establish websocket connection to http://localhost:63786/devtools/browser/c90cfef8-393b-43fb-be83-b5f79ab0ceda
Build info: version: '4.5.3', revision: '4b786a1e430'
System info: os.name: 'Windows 11', os.arch: 'amd64', os.version: '10.0', java.version: '17.0.3'
Driver info: driver.version: ChromeDriver
at org.openqa.selenium.remote.http.netty.NettyWebSocket.<init>(NettyWebSocket.java:102)
at org.openqa.selenium.remote.http.netty.NettyWebSocket.lambda$create$3(NettyWebSocket.java:128)
at org.openqa.selenium.remote.http.netty.NettyClient.openSocket(NettyClient.java:107)
at org.openqa.selenium.devtools.Connection.<init>(Connection.java:77)
at org.openqa.selenium.chromium.ChromiumDriver.lambda$new$2(ChromiumDriver.java:116)
at java.base/java.util.Optional.map(Optional.java:260)
at org.openqa.selenium.chromium.ChromiumDriver.<init>(ChromiumDriver.java:114)
at org.openqa.selenium.chrome.ChromeDriver.<init>(ChromeDriver.java:81)
at org.openqa.selenium.chrome.ChromeDriver.<init>(ChromeDriver.java:49)
at tests.BaseTest.setup(BaseTest.java:27)
at java.base/java.util.ArrayList.forEach(ArrayList.java:1511)
... Removed 25 stack frames]]>
    </failure>
  </testcase> <!-- @BeforeClass setup -->
  <testcase classname="tests.BaseTest" name="@BeforeClass setupLogin" time="-1.68085445196E9">
    <skipped/>
  </testcase> <!-- @BeforeClass setupLogin -->
  <testcase classname="tests.BaseTest" name="@AfterClass tearDown" time="-1.680854451995E9">
    <skipped/>
  </testcase> <!-- @AfterClass tearDown -->
  <testcase classname="tests.BaseTest" name="@BeforeClass setup" time="1.769">
    <failure type="org.openqa.selenium.remote.http.ConnectionFailedException" message="Unable to establish websocket connection to http://localhost:63807/devtools/browser/0bb624c7-48ec-4334-84ca-d179ddc1d90a
Build info: version: &amp;apos;4.5.3&amp;apos;, revision: &amp;apos;4b786a1e430&amp;apos;
System info: os.name: &amp;apos;Windows 11&amp;apos;, os.arch: &amp;apos;amd64&amp;apos;, os.version: &amp;apos;10.0&amp;apos;, java.version: &amp;apos;17.0.3&amp;apos;
Driver info: driver.version: ChromeDriver">
      <![CDATA[org.openqa.selenium.remote.http.ConnectionFailedException: Unable to establish websocket connection to http://localhost:63807/devtools/browser/0bb624c7-48ec-4334-84ca-d179ddc1d90a
Build info: version: '4.5.3', revision: '4b786a1e430'
System info: os.name: 'Windows 11', os.arch: 'amd64', os.version: '10.0', java.version: '17.0.3'
Driver info: driver.version: ChromeDriver
at org.openqa.selenium.remote.http.netty.NettyWebSocket.<init>(NettyWebSocket.java:102)
at org.openqa.selenium.remote.http.netty.NettyWebSocket.lambda$create$3(NettyWebSocket.java:128)
at org.openqa.selenium.remote.http.netty.NettyClient.openSocket(NettyClient.java:107)
at org.openqa.selenium.devtools.Connection.<init>(Connection.java:77)
at org.openqa.selenium.chromium.ChromiumDriver.lambda$new$2(ChromiumDriver.java:116)
at java.base/java.util.Optional.map(Optional.java:260)
at org.openqa.selenium.chromium.ChromiumDriver.<init>(ChromiumDriver.java:114)
at org.openqa.selenium.chrome.ChromeDriver.<init>(ChromeDriver.java:81)
at org.openqa.selenium.chrome.ChromeDriver.<init>(ChromeDriver.java:49)
at tests.BaseTest.setup(BaseTest.java:27)
at java.base/java.util.ArrayList.forEach(ArrayList.java:1511)
... Removed 25 stack frames]]>
    </failure>
  </testcase> <!-- @BeforeClass setup -->
  <testcase classname="tests.BaseTest" name="@BeforeClass setupLogin" time="-1.680854453834E9">
    <skipped/>
  </testcase> <!-- @BeforeClass setupLogin -->
  <testcase classname="tests.BaseTest" name="@BeforeClass setupRatingPopUp" time="-1.680854453837E9">
    <skipped/>
  </testcase> <!-- @BeforeClass setupRatingPopUp -->
  <testcase classname="tests.BaseTest" name="@AfterClass tearDown" time="-1.680854453906E9">
    <skipped/>
  </testcase> <!-- @AfterClass tearDown -->
  <testcase classname="tests.SortTest" name="tc01_sortByNameAsc" time="0.0">
    <skipped/>
  </testcase> <!-- tc01_sortByNameAsc -->
  <testcase classname="tests.SortTest" name="tc02_sortByNameDesc" time="0.0">
    <skipped/>
  </testcase> <!-- tc02_sortByNameDesc -->
  <testcase classname="tests.ProjectOptionsTest" name="tc01_previewProject" time="0.0">
    <skipped/>
  </testcase> <!-- tc01_previewProject -->
  <testcase classname="tests.ProjectOptionsTest" name="tc02_publishProject" time="0.0">
    <skipped/>
  </testcase> <!-- tc02_publishProject -->
  <testcase classname="tests.ProjectOptionsTest" name="tc03_deleteProject" time="0.0">
    <skipped/>
  </testcase> <!-- tc03_deleteProject -->
  <testcase classname="tests.FailedLoginTest" name="tc01_failedLogin" time="0.0">
    <skipped/>
  </testcase> <!-- tc01_failedLogin -->
  <testcase classname="tests.FailedLoginTest" name="tc01_failedLogin" time="0.0">
    <skipped/>
  </testcase> <!-- tc01_failedLogin -->
  <testcase classname="tests.FailedLoginTest" name="tc01_failedLogin" time="0.0">
    <skipped/>
  </testcase> <!-- tc01_failedLogin -->
  <testcase classname="tests.FailedLoginTest" name="tc02_failedLogin" time="0.0">
    <skipped/>
  </testcase> <!-- tc02_failedLogin -->
  <testcase classname="tests.FailedLoginTest" name="tc03_failedLogin" time="0.0">
    <skipped/>
  </testcase> <!-- tc03_failedLogin -->
  <testcase classname="tests.LoginTest" name="tc01_Login" time="0.0">
    <skipped/>
  </testcase> <!-- tc01_Login -->
  <testcase classname="tests.ProjectsTest" name="tc01_addNewProject" time="0.0">
    <skipped/>
  </testcase> <!-- tc01_addNewProject -->
  <testcase classname="tests.ProjectsTest" name="tc02_searchProject" time="0.0">
    <skipped/>
  </testcase> <!-- tc02_searchProject -->
</testsuite> <!-- Test -->
