<?xml version="1.0" encoding="UTF-8"?>
<!-- Generated by org.testng.reporters.JUnitXMLReporter -->
<testsuite hostname="LAPTOP-LULDE715" ignored="0" name="Test" tests="15" failures="1" timestamp="2023-09-21T12:41:56 IDT" time="416.835" errors="0">
  <testcase name="tc01_login" time="2.603" classname="tests.LoginTest"/>
  <testcase name="tc01_failedLogin" time="10.842" classname="tests.FailedLoginTest"/>
  <testcase name="tc01_failedLogin" time="9.213" classname="tests.FailedLoginTest"/>
  <testcase name="tc01_failedLogin" time="9.129" classname="tests.FailedLoginTest"/>
  <testcase name="tc02_failedLogin" time="9.114" classname="tests.FailedLoginTest"/>
  <testcase name="tc03_failedLogin" time="9.088" classname="tests.FailedLoginTest"/>
  <testcase name="tc01_addNewProject" time="50.521" classname="tests.ProjectsTest"/>
  <testcase name="tc02_searchProject" time="2.746" classname="tests.ProjectsTest"/>
  <testcase name="tc01_sortByNameAsc" time="1.67" classname="tests.SortTest"/>
  <testcase name="tc02_sortByNameDesc" time="1.689" classname="tests.SortTest"/>
  <testcase name="tc01_previewProject" time="24.914" classname="tests.ProjectOptionsTest"/>
  <testcase name="tc02_deleteProject" time="61.255" classname="tests.ProjectOptionsTest"/>
  <testcase name="tc03_publishProject" time="45.942" classname="tests.ProjectOptionsTest">
    <failure type="java.lang.AssertionError" message="expected [you need a paid plan to be able to publish.] but found []">
      <![CDATA[java.lang.AssertionError: expected [you need a paid plan to be able to publish.] but found []
at tests.ProjectOptionsTest.tc03_publishProject(ProjectOptionsTest.java:64)
at java.util.ArrayList.forEach(ArrayList.java:1257)
... Removed 37 stack frames]]>
    </failure>
  </testcase> <!-- tc03_publishProject -->
  <testcase name="tc01_addNewWorkspace" time="10.549" classname="tests.WorkspacesTest"/>
  <testcase name="tc02_deleteWorkspace" time="31.779" classname="tests.WorkspacesTest"/>
</testsuite> <!-- Test -->
